[1:Player] has moved to Position:(190,140)
[1:Player] has been reset to [3:SpawnPoint]
[1:FilledBlock]
  Coordinates:(1,1)
  Players:[1:Player][2:Player]
  Entities:[1:Key][2:Wall][3:SpawnPoint][4:Door]
  Neighbours:none[2:Block]none[3:Block]
[2:FilledBlock]
  Coordinates:(2,1)
  Players:none
  Entities:none
  Neighbours:[1:Block]nonenone[4:Block]
[3:EmptyBlock]
  Coordinates:(1,2)
  Players:none
  Entities:none
  Neighbours:none[4:Block][1:Block]none
[4:FilledBlock]
  Coordinates:(2,2)
  Players:none
  Entities:none
  Neighbours:[3:Block]none[2:Block]none
[1:Player]
  Coordinates: (50,75)
  Obtained Keys: 0