[1:Player] has collided with [1:Wall]
[1:Player] has entered [2:FilledBlock]
[1:Player] is now at (195.0,75.0) in [1:FilledBlock]
[1:FilledBlock]
  Coordinates:(1,1)
  Players:[1:Player]
  Entities:[1:Wall][2:SpawnPoint]
  Neighbours:[none][2:FilledBlock][3:EmptyBlock][none]
[2:FilledBlock]
  Coordinates:(2,1)
  Players:[1:Player]
  Entities:[3:Wall]
  Neighbours:[none][none][4:FilledBlock][1:FilledBlock]
[3:EmptyBlock]
  Coordinates:(1,2)
  Players:none
  Entities:none
  Neighbours:[1:FilledBlock][4:FilledBlock][none][none]
[4:FilledBlock]
  Coordinates:(2,2)
  Players:none
  Entities:none
  Neighbours:[2:FilledBlock][none][none][3:EmptyBlock]
